c:\users\administrator\downloads\새 폴더\csstudy_1\cstudy_0610-main\helloworld\x64\debug\vc143.pdb
c:\users\administrator\downloads\새 폴더\csstudy_1\cstudy_0610-main\helloworld\x64\debug\vc143.idb
c:\users\administrator\downloads\새 폴더\csstudy_1\cstudy_0610-main\helloworld\x64\debug\메인.obj
c:\users\administrator\downloads\새 폴더\csstudy_1\cstudy_0610-main\helloworld\x64\debug\lecture9.obj
c:\users\administrator\downloads\새 폴더\csstudy_1\cstudy_0610-main\helloworld\x64\debug\lecture8.obj
c:\users\administrator\downloads\새 폴더\csstudy_1\cstudy_0610-main\helloworld\x64\debug\lecture7.obj
c:\users\administrator\downloads\새 폴더\csstudy_1\cstudy_0610-main\helloworld\x64\debug\lecture6.obj
c:\users\administrator\downloads\새 폴더\csstudy_1\cstudy_0610-main\helloworld\x64\debug\lecture5.obj
c:\users\administrator\downloads\새 폴더\csstudy_1\cstudy_0610-main\helloworld\x64\debug\lecture4.obj
c:\users\administrator\downloads\새 폴더\csstudy_1\cstudy_0610-main\helloworld\x64\debug\lecture3.obj
c:\users\administrator\downloads\새 폴더\csstudy_1\cstudy_0610-main\helloworld\x64\debug\lecture2.obj
c:\users\administrator\downloads\새 폴더\csstudy_1\cstudy_0610-main\helloworld\x64\debug\lecture17.obj
c:\users\administrator\downloads\새 폴더\csstudy_1\cstudy_0610-main\helloworld\x64\debug\lecture16.obj
c:\users\administrator\downloads\새 폴더\csstudy_1\cstudy_0610-main\helloworld\x64\debug\lecture12_3.obj
c:\users\administrator\downloads\새 폴더\csstudy_1\cstudy_0610-main\helloworld\x64\debug\lecture12.obj
c:\users\administrator\downloads\새 폴더\csstudy_1\cstudy_0610-main\helloworld\x64\debug\lecture10.obj
c:\users\administrator\downloads\새 폴더\csstudy_1\cstudy_0610-main\helloworld\x64\debug\lecture1.obj
c:\users\administrator\downloads\새 폴더\csstudy_1\cstudy_0610-main\helloworld\x64\debug\lecture13.obj
c:\users\administrator\downloads\새 폴더\csstudy_1\cstudy_0610-main\helloworld\x64\debug\lecture13_switch.obj
c:\users\administrator\downloads\새 폴더\csstudy_1\cstudy_0610-main\helloworld\x64\debug\lecture15.obj
c:\users\administrator\downloads\새 폴더\csstudy_1\cstudy_0610-main\helloworld\x64\debug\lecture11.obj
c:\users\administrator\downloads\새 폴더\csstudy_1\cstudy_0610-main\helloworld\x64\debug\lecture14.obj
c:\users\administrator\downloads\새 폴더\csstudy_1\cstudy_0610-main\helloworld\x64\debug\lecture18.obj
c:\users\administrator\downloads\새 폴더\csstudy_1\cstudy_0610-main\helloworld\x64\debug\helloworld.pdb
c:\users\administrator\downloads\새 폴더\csstudy_1\cstudy_0610-main\helloworld\x64\debug\mygame.pdb
c:\users\administrator\downloads\새 폴더\csstudy_1\cstudy_0610-main\helloworld\x64\debug\helloworld.tlog\cl.command.1.tlog
c:\users\administrator\downloads\새 폴더\csstudy_1\cstudy_0610-main\helloworld\x64\debug\helloworld.tlog\cl.items.tlog
c:\users\administrator\downloads\새 폴더\csstudy_1\cstudy_0610-main\helloworld\x64\debug\helloworld.tlog\cl.read.1.tlog
c:\users\administrator\downloads\새 폴더\csstudy_1\cstudy_0610-main\helloworld\x64\debug\helloworld.tlog\cl.write.1.tlog
c:\users\administrator\downloads\새 폴더\csstudy_1\cstudy_0610-main\helloworld\x64\debug\helloworld.tlog\link-cvtres.read.1.tlog
c:\users\administrator\downloads\새 폴더\csstudy_1\cstudy_0610-main\helloworld\x64\debug\helloworld.tlog\link-cvtres.write.1.tlog
c:\users\administrator\downloads\새 폴더\csstudy_1\cstudy_0610-main\helloworld\x64\debug\helloworld.tlog\link-rc.read.1.tlog
c:\users\administrator\downloads\새 폴더\csstudy_1\cstudy_0610-main\helloworld\x64\debug\helloworld.tlog\link-rc.write.1.tlog
c:\users\administrator\downloads\새 폴더\csstudy_1\cstudy_0610-main\helloworld\x64\debug\helloworld.tlog\link.16716-cvtres.read.1.tlog
c:\users\administrator\downloads\새 폴더\csstudy_1\cstudy_0610-main\helloworld\x64\debug\helloworld.tlog\link.16716-cvtres.write.1.tlog
c:\users\administrator\downloads\새 폴더\csstudy_1\cstudy_0610-main\helloworld\x64\debug\helloworld.tlog\link.16716-rc.read.1.tlog
c:\users\administrator\downloads\새 폴더\csstudy_1\cstudy_0610-main\helloworld\x64\debug\helloworld.tlog\link.16716-rc.write.1.tlog
c:\users\administrator\downloads\새 폴더\csstudy_1\cstudy_0610-main\helloworld\x64\debug\helloworld.tlog\link.16716.read.1.tlog
c:\users\administrator\downloads\새 폴더\csstudy_1\cstudy_0610-main\helloworld\x64\debug\helloworld.tlog\link.16716.read.2.tlog
c:\users\administrator\downloads\새 폴더\csstudy_1\cstudy_0610-main\helloworld\x64\debug\helloworld.tlog\link.16716.read.3.tlog
c:\users\administrator\downloads\새 폴더\csstudy_1\cstudy_0610-main\helloworld\x64\debug\helloworld.tlog\link.16716.read.4.tlog
c:\users\administrator\downloads\새 폴더\csstudy_1\cstudy_0610-main\helloworld\x64\debug\helloworld.tlog\link.16716.write.1.tlog
c:\users\administrator\downloads\새 폴더\csstudy_1\cstudy_0610-main\helloworld\x64\debug\helloworld.tlog\link.command.1.tlog
c:\users\administrator\downloads\새 폴더\csstudy_1\cstudy_0610-main\helloworld\x64\debug\helloworld.tlog\link.read.1.tlog
c:\users\administrator\downloads\새 폴더\csstudy_1\cstudy_0610-main\helloworld\x64\debug\helloworld.tlog\link.read.2.tlog
c:\users\administrator\downloads\새 폴더\csstudy_1\cstudy_0610-main\helloworld\x64\debug\helloworld.tlog\link.read.3.tlog
c:\users\administrator\downloads\새 폴더\csstudy_1\cstudy_0610-main\helloworld\x64\debug\helloworld.tlog\link.read.4.tlog
c:\users\administrator\downloads\새 폴더\csstudy_1\cstudy_0610-main\helloworld\x64\debug\helloworld.tlog\link.read.5.tlog
c:\users\administrator\downloads\새 폴더\csstudy_1\cstudy_0610-main\helloworld\x64\debug\helloworld.tlog\link.write.1.tlog
